2003.09.22 16:42 B C:\Documents and Settings\asetiawan\Desktop\tmp_product.txt <-- Pinako Site /pinako.com/pinako.com/www/mall tmp_product.txt
2003.09.22 16:43 B C:\Documents and Settings\asetiawan\Desktop\tmp_product.htm <-- Pinako Site /pinako.com/pinako.com/www/mall tmp_product.htm
2003.09.23 17:06 B C:\Documents and Settings\asetiawan\Desktop\tmp_product.htm <-- Pinako Site /pinako.com/pinako.com/www/mall tmp_product.htm
2003.09.23 17:07 B C:\Documents and Settings\asetiawan\Desktop\tmp_productformat.htm <-- Pinako Site /pinako.com/pinako.com/www/mall tmp_productformat.htm
2003.09.23 17:12 B C:\Documents and Settings\asetiawan\Desktop\tmp_product.htm --> pinako.com /pinako.com/pinako.com/www/mall tmp_product.htm
2003.09.23 17:15 B C:\Documents and Settings\asetiawan\Desktop\tmp_product.htm --> pinako.com /pinako.com/pinako.com/www/mall tmp_product.htm
2003.09.23 17:16 B C:\Documents and Settings\asetiawan\Desktop\tmp_product.htm --> pinako.com /pinako.com/pinako.com/www/mall tmp_product.htm
2003.09.23 17:24 B C:\Documents and Settings\asetiawan\Desktop\tmp_product.htm --> pinako.com /pinako.com/pinako.com/www/mall tmp_product.htm
2003.09.23 17:26 B C:\Documents and Settings\asetiawan\Desktop\tmp_product.htm --> pinako.com /pinako.com/pinako.com/www/mall tmp_product.htm
2003.09.23 17:27 B C:\Documents and Settings\asetiawan\Desktop\tmp_product.htm --> pinako.com /pinako.com/pinako.com/www/mall tmp_product.htm
2003.09.23 17:28 B C:\Documents and Settings\asetiawan\Desktop\tmp_product.htm --> pinako.com /pinako.com/pinako.com/www/mall tmp_product.htm
2003.09.23 17:28 B C:\Documents and Settings\asetiawan\Desktop\tmp_product.htm --> pinako.com /pinako.com/pinako.com/www/mall tmp_product.htm
2003.09.23 17:30 B C:\Documents and Settings\asetiawan\Desktop\tmp_product.htm --> pinako.com /pinako.com/pinako.com/www/mall tmp_product.htm
2003.09.23 17:35 B C:\Documents and Settings\asetiawan\Desktop\tmp_product.htm --> pinako.com /pinako.com/pinako.com/www/mall tmp_product.htm
2003.09.23 17:35 B C:\Documents and Settings\asetiawan\Desktop\tmp_product.htm --> pinako.com /pinako.com/pinako.com/www/mall tmp_product.htm
2003.09.23 17:36 B C:\Documents and Settings\asetiawan\Desktop\tmp_product.htm --> pinako.com /pinako.com/pinako.com/www/mall tmp_product.htm
2003.09.23 17:36 B C:\Documents and Settings\asetiawan\Desktop\tmp_product.htm --> pinako.com /pinako.com/pinako.com/www/mall tmp_product.htm
2003.09.23 17:37 B C:\Documents and Settings\asetiawan\Desktop\tmp_product.htm --> pinako.com /pinako.com/pinako.com/www/mall tmp_product.htm
2003.09.23 17:39 B C:\Documents and Settings\asetiawan\Desktop\tmp_product.htm --> pinako.com /pinako.com/pinako.com/www/mall tmp_product.htm
2003.09.23 17:40 B C:\Documents and Settings\asetiawan\Desktop\tmp_product.htm --> pinako.com /pinako.com/pinako.com/www/mall tmp_product.htm
2003.09.23 17:41 B C:\Documents and Settings\asetiawan\Desktop\tmp_product.htm --> pinako.com /pinako.com/pinako.com/www/mall tmp_product.htm
2003.09.23 17:43 B C:\Documents and Settings\asetiawan\Desktop\tmp_product.htm --> pinako.com /pinako.com/pinako.com/www/mall tmp_product.htm
2003.09.23 17:44 B C:\Documents and Settings\asetiawan\Desktop\shoppage_header.asp <-- Pinako Site /pinako.com/pinako.com/www/mall shoppage_header.asp
2003.09.23 17:45 B C:\Documents and Settings\asetiawan\Desktop\shoppage_header.asp --> pinako.com /pinako.com/pinako.com/www/mall shoppage_header.asp
2003.09.23 17:46 B C:\Documents and Settings\asetiawan\Desktop\shoppage_header.asp --> pinako.com /pinako.com/pinako.com/www/mall shoppage_header.asp
2003.09.23 17:46 B C:\Documents and Settings\asetiawan\Desktop\shoppage_header.asp --> pinako.com /pinako.com/pinako.com/www/mall shoppage_header.asp
2003.09.23 17:49 B C:\Documents and Settings\asetiawan\Desktop\shoppage_header.asp --> pinako.com /pinako.com/pinako.com/www/mall shoppage_header.asp
2003.09.23 17:50 B C:\Documents and Settings\asetiawan\Desktop\tmp_product.htm --> pinako.com /pinako.com/pinako.com/www/mall tmp_product.htm
2003.09.23 17:51 B C:\Documents and Settings\asetiawan\Desktop\tmp_product.htm --> pinako.com /pinako.com/pinako.com/www/mall tmp_product.htm
2003.09.23 17:52 B C:\Documents and Settings\asetiawan\Desktop\tmp_product.htm --> pinako.com /pinako.com/pinako.com/www/mall tmp_product.htm
2003.09.23 17:52 B C:\Documents and Settings\asetiawan\Desktop\tmp_product.htm --> pinako.com /pinako.com/pinako.com/www/mall tmp_product.htm
2003.09.23 17:53 B C:\Documents and Settings\asetiawan\Desktop\tmp_product.htm --> pinako.com /pinako.com/pinako.com/www/mall tmp_product.htm
2003.09.23 17:54 B C:\Documents and Settings\asetiawan\Desktop\tmp_product.htm --> pinako.com /pinako.com/pinako.com/www/mall tmp_product.htm
2003.09.23 17:55 B C:\Documents and Settings\asetiawan\Desktop\tmp_product.htm --> pinako.com /pinako.com/pinako.com/www/mall tmp_product.htm
2003.09.23 17:59 B C:\Documents and Settings\asetiawan\Desktop\nokta-ani1.gif --> pinako.com /pinako.com/pinako.com/www/mall/images nokta-ani1.gif
2003.09.23 18:00 B C:\Documents and Settings\asetiawan\Desktop\shoppage_header.asp --> pinako.com /pinako.com/pinako.com/www/mall/images shoppage_header.asp
2003.09.23 18:00 B C:\Documents and Settings\asetiawan\Desktop\shoppage_header.asp --> pinako.com /pinako.com/pinako.com/www/mall shoppage_header.asp
2003.09.23 18:02 B C:\Documents and Settings\asetiawan\Desktop\shoppage_header.asp --> pinako.com /pinako.com/pinako.com/www/mall shoppage_header.asp
2003.09.23 18:06 B C:\Documents and Settings\asetiawan\Desktop\shoppage_header.asp --> pinako.com /pinako.com/pinako.com/www/mall shoppage_header.asp
2003.09.23 18:08 B C:\Documents and Settings\asetiawan\Desktop\shoppage_header.asp --> pinako.com /pinako.com/pinako.com/www/mall shoppage_header.asp
2003.09.23 18:08 B C:\Documents and Settings\asetiawan\Desktop\shoppage_header.asp --> pinako.com /pinako.com/pinako.com/www/mall shoppage_header.asp
2003.09.23 18:09 B C:\Documents and Settings\asetiawan\Desktop\shoppage_header.asp --> pinako.com /pinako.com/pinako.com/www/mall shoppage_header.asp
2003.09.23 18:09 B C:\Documents and Settings\asetiawan\Desktop\shoppage_header.asp --> pinako.com /pinako.com/pinako.com/www/mall shoppage_header.asp
2003.09.23 18:10 B C:\Documents and Settings\asetiawan\Desktop\shoppage_header.asp --> pinako.com /pinako.com/pinako.com/www/mall shoppage_header.asp
2003.09.23 18:27 B C:\Documents and Settings\asetiawan\Desktop\tmp_product.htm --> pinako.com /pinako.com/pinako.com/www/mall tmp_product.htm
2003.09.23 18:29 B C:\Documents and Settings\asetiawan\Desktop\tmp_product.htm --> pinako.com /pinako.com/pinako.com/www/mall tmp_product.htm
2003.09.23 18:29 B C:\Documents and Settings\asetiawan\Desktop\tmp_product.htm --> pinako.com /pinako.com/pinako.com/www/mall tmp_product.htm
2003.09.23 18:30 B C:\Documents and Settings\asetiawan\Desktop\tmp_product.htm --> pinako.com /pinako.com/pinako.com/www/mall tmp_product.htm
2003.09.23 18:31 B C:\Documents and Settings\asetiawan\Desktop\tmp_product.htm --> pinako.com /pinako.com/pinako.com/www/mall tmp_product.htm
2003.09.23 18:31 B C:\Documents and Settings\asetiawan\Desktop\tmp_product.htm --> pinako.com /pinako.com/pinako.com/www/mall tmp_product.htm
2003.09.23 18:33 B C:\Documents and Settings\asetiawan\Desktop\tmp_product.htm --> pinako.com /pinako.com/pinako.com/www/mall tmp_product.htm
2003.09.24 13:46 B C:\Documents and Settings\asetiawan\Desktop\tmp_product.htm --> pinako.com /pinako.com/pinako.com/www/mall tmp_product.htm
2003.09.24 13:47 B C:\Documents and Settings\asetiawan\Desktop\tmp_product.htm --> pinako.com /pinako.com/pinako.com/www/mall tmp_product.htm
